{"C:\\Users\\komba\\Downloads\\desafio-lanchonete-2023\\src\\caixa-da-lanchonete.js": {"path":"C:\\Users\\komba\\Downloads\\desafio-lanchonete-2023\\src\\caixa-da-lanchonete.js","all":false,"statementMap":{"0":{"start":{"line":1,"column":0},"end":{"line":1,"column":25}},"1":{"start":{"line":2,"column":0},"end":{"line":2,"column":17}},"2":{"start":{"line":3,"column":0},"end":{"line":3,"column":21}},"3":{"start":{"line":4,"column":0},"end":{"line":4,"column":46}},"4":{"start":{"line":5,"column":0},"end":{"line":5,"column":70}},"5":{"start":{"line":6,"column":0},"end":{"line":6,"column":54}},"6":{"start":{"line":7,"column":0},"end":{"line":7,"column":56}},"7":{"start":{"line":8,"column":0},"end":{"line":8,"column":71}},"8":{"start":{"line":9,"column":0},"end":{"line":9,"column":53}},"9":{"start":{"line":10,"column":0},"end":{"line":10,"column":64}},"10":{"start":{"line":11,"column":0},"end":{"line":11,"column":64}},"11":{"start":{"line":12,"column":0},"end":{"line":12,"column":6}},"12":{"start":{"line":13,"column":0},"end":{"line":13,"column":63}},"13":{"start":{"line":14,"column":0},"end":{"line":14,"column":28}},"14":{"start":{"line":15,"column":0},"end":{"line":15,"column":22}},"15":{"start":{"line":16,"column":0},"end":{"line":16,"column":20}},"16":{"start":{"line":17,"column":0},"end":{"line":17,"column":6}},"17":{"start":{"line":18,"column":0},"end":{"line":18,"column":24}},"18":{"start":{"line":19,"column":0},"end":{"line":19,"column":23}},"19":{"start":{"line":20,"column":0},"end":{"line":20,"column":26}},"20":{"start":{"line":21,"column":0},"end":{"line":21,"column":6}},"21":{"start":{"line":22,"column":0},"end":{"line":22,"column":39}},"22":{"start":{"line":23,"column":0},"end":{"line":23,"column":3}},"23":{"start":{"line":24,"column":0},"end":{"line":24,"column":0}},"24":{"start":{"line":25,"column":0},"end":{"line":25,"column":50}},"25":{"start":{"line":26,"column":0},"end":{"line":26,"column":61}},"26":{"start":{"line":27,"column":0},"end":{"line":27,"column":44}},"27":{"start":{"line":28,"column":0},"end":{"line":28,"column":5}},"28":{"start":{"line":29,"column":0},"end":{"line":29,"column":29}},"29":{"start":{"line":30,"column":0},"end":{"line":30,"column":51}},"30":{"start":{"line":31,"column":0},"end":{"line":31,"column":5}},"31":{"start":{"line":32,"column":0},"end":{"line":32,"column":18}},"32":{"start":{"line":33,"column":0},"end":{"line":33,"column":29}},"33":{"start":{"line":34,"column":0},"end":{"line":34,"column":44}},"34":{"start":{"line":35,"column":0},"end":{"line":35,"column":53}},"35":{"start":{"line":36,"column":0},"end":{"line":36,"column":40}},"36":{"start":{"line":37,"column":0},"end":{"line":37,"column":29}},"37":{"start":{"line":38,"column":0},"end":{"line":38,"column":38}},"38":{"start":{"line":39,"column":0},"end":{"line":39,"column":7}},"39":{"start":{"line":40,"column":0},"end":{"line":40,"column":50}},"40":{"start":{"line":41,"column":0},"end":{"line":41,"column":32}},"41":{"start":{"line":42,"column":0},"end":{"line":42,"column":7}},"42":{"start":{"line":43,"column":0},"end":{"line":43,"column":52}},"43":{"start":{"line":44,"column":0},"end":{"line":44,"column":66}},"44":{"start":{"line":45,"column":0},"end":{"line":45,"column":66}},"45":{"start":{"line":46,"column":0},"end":{"line":46,"column":9}},"46":{"start":{"line":47,"column":0},"end":{"line":47,"column":49}},"47":{"start":{"line":48,"column":0},"end":{"line":48,"column":37}},"48":{"start":{"line":49,"column":0},"end":{"line":49,"column":7}},"49":{"start":{"line":50,"column":0},"end":{"line":50,"column":56}},"50":{"start":{"line":51,"column":0},"end":{"line":51,"column":5}},"51":{"start":{"line":52,"column":0},"end":{"line":52,"column":64}},"52":{"start":{"line":53,"column":0},"end":{"line":53,"column":58}},"53":{"start":{"line":54,"column":0},"end":{"line":54,"column":5}},"54":{"start":{"line":55,"column":0},"end":{"line":55,"column":54}},"55":{"start":{"line":56,"column":0},"end":{"line":56,"column":3}},"56":{"start":{"line":57,"column":0},"end":{"line":57,"column":1}},"57":{"start":{"line":58,"column":0},"end":{"line":58,"column":0}},"58":{"start":{"line":59,"column":0},"end":{"line":59,"column":29}}},"s":{"0":1,"1":1,"2":19,"3":19,"4":19,"5":19,"6":19,"7":19,"8":19,"9":19,"10":19,"11":19,"12":19,"13":19,"14":19,"15":19,"16":19,"17":19,"18":19,"19":19,"20":19,"21":19,"22":19,"23":1,"24":1,"25":19,"26":1,"27":1,"28":19,"29":3,"30":3,"31":15,"32":15,"33":19,"34":26,"35":26,"36":26,"37":1,"38":1,"39":26,"40":2,"41":2,"42":26,"43":9,"44":4,"45":4,"46":26,"47":14,"48":14,"49":19,"50":19,"51":19,"52":5,"53":5,"54":8,"55":8,"56":1,"57":1,"58":1},"branchMap":{"0":{"type":"branch","line":2,"loc":{"start":{"line":2,"column":2},"end":{"line":23,"column":3}},"locations":[{"start":{"line":2,"column":2},"end":{"line":23,"column":3}}]},"1":{"type":"branch","line":25,"loc":{"start":{"line":25,"column":2},"end":{"line":56,"column":3}},"locations":[{"start":{"line":25,"column":2},"end":{"line":56,"column":3}}]},"2":{"type":"branch","line":26,"loc":{"start":{"line":26,"column":60},"end":{"line":28,"column":5}},"locations":[{"start":{"line":26,"column":60},"end":{"line":28,"column":5}}]},"3":{"type":"branch","line":28,"loc":{"start":{"line":28,"column":4},"end":{"line":29,"column":28}},"locations":[{"start":{"line":28,"column":4},"end":{"line":29,"column":28}}]},"4":{"type":"branch","line":29,"loc":{"start":{"line":29,"column":28},"end":{"line":31,"column":5}},"locations":[{"start":{"line":29,"column":28},"end":{"line":31,"column":5}}]},"5":{"type":"branch","line":31,"loc":{"start":{"line":31,"column":4},"end":{"line":34,"column":43}},"locations":[{"start":{"line":31,"column":4},"end":{"line":34,"column":43}}]},"6":{"type":"branch","line":34,"loc":{"start":{"line":34,"column":43},"end":{"line":51,"column":5}},"locations":[{"start":{"line":34,"column":43},"end":{"line":51,"column":5}}]},"7":{"type":"branch","line":37,"loc":{"start":{"line":37,"column":28},"end":{"line":39,"column":7}},"locations":[{"start":{"line":37,"column":28},"end":{"line":39,"column":7}}]},"8":{"type":"branch","line":39,"loc":{"start":{"line":39,"column":6},"end":{"line":40,"column":49}},"locations":[{"start":{"line":39,"column":6},"end":{"line":40,"column":49}}]},"9":{"type":"branch","line":40,"loc":{"start":{"line":40,"column":49},"end":{"line":42,"column":7}},"locations":[{"start":{"line":40,"column":49},"end":{"line":42,"column":7}}]},"10":{"type":"branch","line":42,"loc":{"start":{"line":42,"column":6},"end":{"line":43,"column":51}},"locations":[{"start":{"line":42,"column":6},"end":{"line":43,"column":51}}]},"11":{"type":"branch","line":43,"loc":{"start":{"line":43,"column":51},"end":{"line":47,"column":7}},"locations":[{"start":{"line":43,"column":51},"end":{"line":47,"column":7}}]},"12":{"type":"branch","line":44,"loc":{"start":{"line":44,"column":65},"end":{"line":46,"column":9}},"locations":[{"start":{"line":44,"column":65},"end":{"line":46,"column":9}}]},"13":{"type":"branch","line":47,"loc":{"start":{"line":47,"column":7},"end":{"line":49,"column":7}},"locations":[{"start":{"line":47,"column":7},"end":{"line":49,"column":7}}]},"14":{"type":"branch","line":49,"loc":{"start":{"line":49,"column":6},"end":{"line":51,"column":5}},"locations":[{"start":{"line":49,"column":6},"end":{"line":51,"column":5}}]},"15":{"type":"branch","line":51,"loc":{"start":{"line":51,"column":4},"end":{"line":52,"column":63}},"locations":[{"start":{"line":51,"column":4},"end":{"line":52,"column":63}}]},"16":{"type":"branch","line":52,"loc":{"start":{"line":52,"column":63},"end":{"line":54,"column":5}},"locations":[{"start":{"line":52,"column":63},"end":{"line":54,"column":5}}]},"17":{"type":"branch","line":54,"loc":{"start":{"line":54,"column":4},"end":{"line":56,"column":3}},"locations":[{"start":{"line":54,"column":4},"end":{"line":56,"column":3}}]}},"b":{"0":[19],"1":[19],"2":[1],"3":[18],"4":[3],"5":[15],"6":[26],"7":[1],"8":[25],"9":[2],"10":[23],"11":[9],"12":[4],"13":[14],"14":[19],"15":[8],"16":[5],"17":[8]},"fnMap":{"0":{"name":"CaixaDaLanchonete","decl":{"start":{"line":2,"column":2},"end":{"line":23,"column":3}},"loc":{"start":{"line":2,"column":2},"end":{"line":23,"column":3}},"line":2},"1":{"name":"calcularValorDaCompra","decl":{"start":{"line":25,"column":2},"end":{"line":56,"column":3}},"loc":{"start":{"line":25,"column":2},"end":{"line":56,"column":3}},"line":25}},"f":{"0":19,"1":19}}
}
