TN:
SF:src\caixa-da-lanchonete.js
FN:2,CaixaDaLanchonete
FN:25,calcularValorDaCompra
FNF:2
FNH:2
FNDA:19,CaixaDaLanchonete
FNDA:19,calcularValorDaCompra
DA:1,1
DA:2,1
DA:3,19
DA:4,19
DA:5,19
DA:6,19
DA:7,19
DA:8,19
DA:9,19
DA:10,19
DA:11,19
DA:12,19
DA:13,19
DA:14,19
DA:15,19
DA:16,19
DA:17,19
DA:18,19
DA:19,19
DA:20,19
DA:21,19
DA:22,19
DA:23,19
DA:24,1
DA:25,1
DA:26,19
DA:27,1
DA:28,1
DA:29,19
DA:30,3
DA:31,3
DA:32,15
DA:33,15
DA:34,19
DA:35,26
DA:36,26
DA:37,26
DA:38,1
DA:39,1
DA:40,26
DA:41,2
DA:42,2
DA:43,26
DA:44,9
DA:45,4
DA:46,4
DA:47,26
DA:48,14
DA:49,14
DA:50,19
DA:51,19
DA:52,19
DA:53,5
DA:54,5
DA:55,8
DA:56,8
DA:57,1
DA:58,1
DA:59,1
LF:59
LH:59
BRDA:2,0,0,19
BRDA:25,1,0,19
BRDA:26,2,0,1
BRDA:28,3,0,18
BRDA:29,4,0,3
BRDA:31,5,0,15
BRDA:34,6,0,26
BRDA:37,7,0,1
BRDA:39,8,0,25
BRDA:40,9,0,2
BRDA:42,10,0,23
BRDA:43,11,0,9
BRDA:44,12,0,4
BRDA:47,13,0,14
BRDA:49,14,0,19
BRDA:51,15,0,8
BRDA:52,16,0,5
BRDA:54,17,0,8
BRF:18
BRH:18
end_of_record
